{"C:\\projects\\testeglobo\\server\\router.js": {"path":"C:\\projects\\testeglobo\\server\\router.js","statementMap":{"0":{"start":{"line":1,"column":16},"end":{"line":1,"column":34}},"1":{"start":{"line":2,"column":15},"end":{"line":2,"column":31}},"2":{"start":{"line":3,"column":14},"end":{"line":3,"column":39}},"3":{"start":{"line":4,"column":16},"end":{"line":4,"column":43}},"4":{"start":{"line":6,"column":0},"end":{"line":11,"column":2}},"5":{"start":{"line":7,"column":18},"end":{"line":7,"column":39}},"6":{"start":{"line":8,"column":4},"end":{"line":10,"column":6}},"7":{"start":{"line":13,"column":0},"end":{"line":23,"column":2}},"8":{"start":{"line":14,"column":15},"end":{"line":14,"column":28}},"9":{"start":{"line":15,"column":20},"end":{"line":19,"column":6}},"10":{"start":{"line":20,"column":4},"end":{"line":22,"column":6}},"11":{"start":{"line":25,"column":0},"end":{"line":40,"column":2}},"12":{"start":{"line":26,"column":4},"end":{"line":39,"column":5}},"13":{"start":{"line":27,"column":23},"end":{"line":27,"column":61}},"14":{"start":{"line":28,"column":8},"end":{"line":32,"column":10}},"15":{"start":{"line":34,"column":8},"end":{"line":38,"column":10}},"16":{"start":{"line":42,"column":0},"end":{"line":57,"column":2}},"17":{"start":{"line":43,"column":4},"end":{"line":56,"column":5}},"18":{"start":{"line":44,"column":23},"end":{"line":44,"column":56}},"19":{"start":{"line":45,"column":8},"end":{"line":49,"column":10}},"20":{"start":{"line":51,"column":8},"end":{"line":55,"column":10}},"21":{"start":{"line":59,"column":0},"end":{"line":75,"column":2}},"22":{"start":{"line":60,"column":4},"end":{"line":74,"column":5}},"23":{"start":{"line":61,"column":19},"end":{"line":61,"column":32}},"24":{"start":{"line":62,"column":21},"end":{"line":62,"column":45}},"25":{"start":{"line":63,"column":8},"end":{"line":63,"column":22}},"26":{"start":{"line":64,"column":8},"end":{"line":67,"column":10}},"27":{"start":{"line":69,"column":8},"end":{"line":73,"column":10}},"28":{"start":{"line":77,"column":0},"end":{"line":95,"column":2}},"29":{"start":{"line":78,"column":4},"end":{"line":94,"column":5}},"30":{"start":{"line":79,"column":29},"end":{"line":79,"column":42}},"31":{"start":{"line":80,"column":21},"end":{"line":80,"column":45}},"32":{"start":{"line":81,"column":8},"end":{"line":81,"column":24}},"33":{"start":{"line":82,"column":23},"end":{"line":82,"column":40}},"34":{"start":{"line":83,"column":8},"end":{"line":87,"column":10}},"35":{"start":{"line":89,"column":8},"end":{"line":93,"column":10}},"36":{"start":{"line":97,"column":0},"end":{"line":97,"column":23}}},"fnMap":{"0":{"name":"(anonymous_0)","decl":{"start":{"line":6,"column":21},"end":{"line":6,"column":22}},"loc":{"start":{"line":6,"column":41},"end":{"line":11,"column":1}},"line":6},"1":{"name":"(anonymous_1)","decl":{"start":{"line":13,"column":33},"end":{"line":13,"column":34}},"loc":{"start":{"line":13,"column":53},"end":{"line":23,"column":1}},"line":13},"2":{"name":"(anonymous_2)","decl":{"start":{"line":25,"column":30},"end":{"line":25,"column":31}},"loc":{"start":{"line":25,"column":50},"end":{"line":40,"column":1}},"line":25},"3":{"name":"(anonymous_3)","decl":{"start":{"line":42,"column":22},"end":{"line":42,"column":23}},"loc":{"start":{"line":42,"column":42},"end":{"line":57,"column":1}},"line":42},"4":{"name":"(anonymous_4)","decl":{"start":{"line":59,"column":28},"end":{"line":59,"column":29}},"loc":{"start":{"line":59,"column":47},"end":{"line":75,"column":1}},"line":59},"5":{"name":"(anonymous_5)","decl":{"start":{"line":77,"column":23},"end":{"line":77,"column":24}},"loc":{"start":{"line":77,"column":42},"end":{"line":95,"column":1}},"line":77}},"branchMap":{},"s":{"0":1,"1":1,"2":1,"3":1,"4":1,"5":3,"6":3,"7":1,"8":1,"9":1,"10":1,"11":1,"12":2,"13":2,"14":1,"15":1,"16":1,"17":2,"18":2,"19":1,"20":1,"21":1,"22":2,"23":2,"24":2,"25":2,"26":1,"27":1,"28":1,"29":2,"30":2,"31":2,"32":2,"33":1,"34":1,"35":1,"36":1},"f":{"0":3,"1":1,"2":2,"3":2,"4":2,"5":2},"b":{},"_coverageSchema":"1a1c01bbd47fc00a2c39e90264f33305004495a9","hash":"0ffd2f6cbdacab28426fc6ce641d8426865d5aa3"}
,"C:\\projects\\testeglobo\\server\\config\\app.js": {"path":"C:\\projects\\testeglobo\\server\\config\\app.js","statementMap":{"0":{"start":{"line":1,"column":16},"end":{"line":1,"column":34}},"1":{"start":{"line":2,"column":12},"end":{"line":2,"column":21}},"2":{"start":{"line":3,"column":15},"end":{"line":3,"column":35}},"3":{"start":{"line":4,"column":13},"end":{"line":4,"column":28}},"4":{"start":{"line":6,"column":0},"end":{"line":6,"column":23}},"5":{"start":{"line":7,"column":0},"end":{"line":7,"column":47}},"6":{"start":{"line":8,"column":0},"end":{"line":8,"column":15}},"7":{"start":{"line":9,"column":0},"end":{"line":9,"column":25}},"8":{"start":{"line":10,"column":0},"end":{"line":10,"column":15}},"9":{"start":{"line":12,"column":0},"end":{"line":12,"column":20}}},"fnMap":{},"branchMap":{},"s":{"0":1,"1":1,"2":1,"3":1,"4":1,"5":1,"6":1,"7":1,"8":1,"9":1},"f":{},"b":{},"_coverageSchema":"1a1c01bbd47fc00a2c39e90264f33305004495a9","hash":"d36cd647d6191655c57f6667a128cc43fdb6ffae"}
,"C:\\projects\\testeglobo\\server\\config\\db.js": {"path":"C:\\projects\\testeglobo\\server\\config\\db.js","statementMap":{"0":{"start":{"line":1,"column":18},"end":{"line":1,"column":38}},"1":{"start":{"line":2,"column":18},"end":{"line":2,"column":114}},"2":{"start":{"line":4,"column":0},"end":{"line":4,"column":27}}},"fnMap":{},"branchMap":{},"s":{"0":1,"1":1,"2":1},"f":{},"b":{},"_coverageSchema":"1a1c01bbd47fc00a2c39e90264f33305004495a9","hash":"cbf3a75bd59c4076a0f41805b182efdd26671cb6"}
,"C:\\projects\\testeglobo\\server\\models\\History.js": {"path":"C:\\projects\\testeglobo\\server\\models\\History.js","statementMap":{"0":{"start":{"line":1,"column":18},"end":{"line":1,"column":38}},"1":{"start":{"line":2,"column":17},"end":{"line":2,"column":40}},"2":{"start":{"line":3,"column":14},"end":{"line":3,"column":32}},"3":{"start":{"line":5,"column":16},"end":{"line":20,"column":2}},"4":{"start":{"line":22,"column":0},"end":{"line":22,"column":24}},"5":{"start":{"line":24,"column":0},"end":{"line":24,"column":25}}},"fnMap":{},"branchMap":{},"s":{"0":1,"1":1,"2":1,"3":1,"4":1,"5":1},"f":{},"b":{},"_coverageSchema":"1a1c01bbd47fc00a2c39e90264f33305004495a9","hash":"9c1e932989a1050fa94d16a1f69aa34de6be4435"}
,"C:\\projects\\testeglobo\\server\\models\\Rooms.js": {"path":"C:\\projects\\testeglobo\\server\\models\\Rooms.js","statementMap":{"0":{"start":{"line":1,"column":18},"end":{"line":1,"column":38}},"1":{"start":{"line":2,"column":17},"end":{"line":2,"column":40}},"2":{"start":{"line":4,"column":14},"end":{"line":15,"column":2}},"3":{"start":{"line":17,"column":0},"end":{"line":17,"column":23}}},"fnMap":{},"branchMap":{},"s":{"0":1,"1":1,"2":1,"3":1},"f":{},"b":{},"_coverageSchema":"1a1c01bbd47fc00a2c39e90264f33305004495a9","hash":"d103b218e6c788a7c0850394a3b33d4d56a7ca05"}
}
